Performing C SOURCE FILE Test CMAKE_HAVE_LIBC_PTHREAD failed with the following output:
Change Dir: /home/ap721/code/gbpstack/build/CMakeFiles/CMakeTmp

Run Build Command(s):/usr/bin/make cmTC_66c89/fast && /usr/bin/make -f CMakeFiles/cmTC_66c89.dir/build.make CMakeFiles/cmTC_66c89.dir/build
make[1]: Entering directory '/home/ap721/code/gbpstack/build/CMakeFiles/CMakeTmp'
Building C object CMakeFiles/cmTC_66c89.dir/src.c.o
/usr/bin/cc   -fno-strict-aliasing -Werror=implicit-function-declaration -Werror=pointer-arith  -DCMAKE_HAVE_LIBC_PTHREAD   -o CMakeFiles/cmTC_66c89.dir/src.c.o   -c /home/ap721/code/gbpstack/build/CMakeFiles/CMakeTmp/src.c
Linking C executable cmTC_66c89
/usr/bin/cmake -E cmake_link_script CMakeFiles/cmTC_66c89.dir/link.txt --verbose=1
/usr/bin/cc -fno-strict-aliasing -Werror=implicit-function-declaration -Werror=pointer-arith  -DCMAKE_HAVE_LIBC_PTHREAD    -rdynamic CMakeFiles/cmTC_66c89.dir/src.c.o  -o cmTC_66c89 
/usr/bin/ld: CMakeFiles/cmTC_66c89.dir/src.c.o: in function `main':
src.c:(.text+0x46): undefined reference to `pthread_create'
/usr/bin/ld: src.c:(.text+0x52): undefined reference to `pthread_detach'
/usr/bin/ld: src.c:(.text+0x63): undefined reference to `pthread_join'
collect2: error: ld returned 1 exit status
make[1]: *** [CMakeFiles/cmTC_66c89.dir/build.make:87: cmTC_66c89] Error 1
make[1]: Leaving directory '/home/ap721/code/gbpstack/build/CMakeFiles/CMakeTmp'
make: *** [Makefile:121: cmTC_66c89/fast] Error 2


Source file was:
#include <pthread.h>

void* test_func(void* data)
{
  return data;
}

int main(void)
{
  pthread_t thread;
  pthread_create(&thread, NULL, test_func, NULL);
  pthread_detach(thread);
  pthread_join(thread, NULL);
  pthread_atfork(NULL, NULL, NULL);
  pthread_exit(NULL);

  return 0;
}

Determining if the function pthread_create exists in the pthreads failed with the following output:
Change Dir: /home/ap721/code/gbpstack/build/CMakeFiles/CMakeTmp

Run Build Command(s):/usr/bin/make cmTC_861da/fast && /usr/bin/make -f CMakeFiles/cmTC_861da.dir/build.make CMakeFiles/cmTC_861da.dir/build
make[1]: Entering directory '/home/ap721/code/gbpstack/build/CMakeFiles/CMakeTmp'
Building C object CMakeFiles/cmTC_861da.dir/CheckFunctionExists.c.o
/usr/bin/cc   -fno-strict-aliasing -Werror=implicit-function-declaration -Werror=pointer-arith  -DCHECK_FUNCTION_EXISTS=pthread_create   -std=gnu99 -o CMakeFiles/cmTC_861da.dir/CheckFunctionExists.c.o   -c /usr/share/cmake-3.16/Modules/CheckFunctionExists.c
Linking C executable cmTC_861da
/usr/bin/cmake -E cmake_link_script CMakeFiles/cmTC_861da.dir/link.txt --verbose=1
/usr/bin/cc -fno-strict-aliasing -Werror=implicit-function-declaration -Werror=pointer-arith  -DCHECK_FUNCTION_EXISTS=pthread_create    CMakeFiles/cmTC_861da.dir/CheckFunctionExists.c.o  -o cmTC_861da  -lpthreads 
/usr/bin/ld: cannot find -lpthreads
collect2: error: ld returned 1 exit status
make[1]: *** [CMakeFiles/cmTC_861da.dir/build.make:87: cmTC_861da] Error 1
make[1]: Leaving directory '/home/ap721/code/gbpstack/build/CMakeFiles/CMakeTmp'
make: *** [Makefile:121: cmTC_861da/fast] Error 2



Performing C SOURCE FILE Test CMAKE_HAVE_LIBC_PTHREAD failed with the following output:
Change Dir: /home/ap721/code/gbpstack/build/CMakeFiles/CMakeTmp

Run Build Command(s):/usr/bin/make cmTC_64f54/fast && /usr/bin/make -f CMakeFiles/cmTC_64f54.dir/build.make CMakeFiles/cmTC_64f54.dir/build
make[1]: Entering directory '/home/ap721/code/gbpstack/build/CMakeFiles/CMakeTmp'
Building C object CMakeFiles/cmTC_64f54.dir/src.c.o
/usr/bin/cc   -fno-strict-aliasing -Werror=implicit-function-declaration -Werror=pointer-arith  -DCMAKE_HAVE_LIBC_PTHREAD   -o CMakeFiles/cmTC_64f54.dir/src.c.o   -c /home/ap721/code/gbpstack/build/CMakeFiles/CMakeTmp/src.c
Linking C executable cmTC_64f54
/usr/bin/cmake -E cmake_link_script CMakeFiles/cmTC_64f54.dir/link.txt --verbose=1
/usr/bin/cc -fno-strict-aliasing -Werror=implicit-function-declaration -Werror=pointer-arith  -DCMAKE_HAVE_LIBC_PTHREAD    -rdynamic CMakeFiles/cmTC_64f54.dir/src.c.o  -o cmTC_64f54 
/usr/bin/ld: CMakeFiles/cmTC_64f54.dir/src.c.o: in function `main':
src.c:(.text+0x46): undefined reference to `pthread_create'
/usr/bin/ld: src.c:(.text+0x52): undefined reference to `pthread_detach'
/usr/bin/ld: src.c:(.text+0x63): undefined reference to `pthread_join'
collect2: error: ld returned 1 exit status
make[1]: *** [CMakeFiles/cmTC_64f54.dir/build.make:87: cmTC_64f54] Error 1
make[1]: Leaving directory '/home/ap721/code/gbpstack/build/CMakeFiles/CMakeTmp'
make: *** [Makefile:121: cmTC_64f54/fast] Error 2


Source file was:
#include <pthread.h>

void* test_func(void* data)
{
  return data;
}

int main(void)
{
  pthread_t thread;
  pthread_create(&thread, NULL, test_func, NULL);
  pthread_detach(thread);
  pthread_join(thread, NULL);
  pthread_atfork(NULL, NULL, NULL);
  pthread_exit(NULL);

  return 0;
}

Determining if the function pthread_create exists in the pthreads failed with the following output:
Change Dir: /home/ap721/code/gbpstack/build/CMakeFiles/CMakeTmp

Run Build Command(s):/usr/bin/make cmTC_7e02e/fast && /usr/bin/make -f CMakeFiles/cmTC_7e02e.dir/build.make CMakeFiles/cmTC_7e02e.dir/build
make[1]: Entering directory '/home/ap721/code/gbpstack/build/CMakeFiles/CMakeTmp'
Building C object CMakeFiles/cmTC_7e02e.dir/CheckFunctionExists.c.o
/usr/bin/cc   -fno-strict-aliasing -Werror=implicit-function-declaration -Werror=pointer-arith  -DCHECK_FUNCTION_EXISTS=pthread_create   -std=gnu99 -o CMakeFiles/cmTC_7e02e.dir/CheckFunctionExists.c.o   -c /usr/share/cmake-3.16/Modules/CheckFunctionExists.c
Linking C executable cmTC_7e02e
/usr/bin/cmake -E cmake_link_script CMakeFiles/cmTC_7e02e.dir/link.txt --verbose=1
/usr/bin/cc -fno-strict-aliasing -Werror=implicit-function-declaration -Werror=pointer-arith  -DCHECK_FUNCTION_EXISTS=pthread_create    CMakeFiles/cmTC_7e02e.dir/CheckFunctionExists.c.o  -o cmTC_7e02e  -lpthreads 
/usr/bin/ld: cannot find -lpthreads
collect2: error: ld returned 1 exit status
make[1]: *** [CMakeFiles/cmTC_7e02e.dir/build.make:87: cmTC_7e02e] Error 1
make[1]: Leaving directory '/home/ap721/code/gbpstack/build/CMakeFiles/CMakeTmp'
make: *** [Makefile:121: cmTC_7e02e/fast] Error 2



Performing C SOURCE FILE Test CMAKE_HAVE_LIBC_PTHREAD failed with the following output:
Change Dir: /home/ap721/code/gbpstack/build/CMakeFiles/CMakeTmp

Run Build Command(s):/usr/bin/make cmTC_47007/fast && /usr/bin/make -f CMakeFiles/cmTC_47007.dir/build.make CMakeFiles/cmTC_47007.dir/build
make[1]: Entering directory '/home/ap721/code/gbpstack/build/CMakeFiles/CMakeTmp'
Building C object CMakeFiles/cmTC_47007.dir/src.c.o
/usr/bin/cc   -fno-strict-aliasing -Werror=implicit-function-declaration -Werror=pointer-arith  -DCMAKE_HAVE_LIBC_PTHREAD   -o CMakeFiles/cmTC_47007.dir/src.c.o   -c /home/ap721/code/gbpstack/build/CMakeFiles/CMakeTmp/src.c
Linking C executable cmTC_47007
/usr/bin/cmake -E cmake_link_script CMakeFiles/cmTC_47007.dir/link.txt --verbose=1
/usr/bin/cc -fno-strict-aliasing -Werror=implicit-function-declaration -Werror=pointer-arith  -DCMAKE_HAVE_LIBC_PTHREAD    -rdynamic CMakeFiles/cmTC_47007.dir/src.c.o  -o cmTC_47007 
/usr/bin/ld: CMakeFiles/cmTC_47007.dir/src.c.o: in function `main':
src.c:(.text+0x46): undefined reference to `pthread_create'
/usr/bin/ld: src.c:(.text+0x52): undefined reference to `pthread_detach'
/usr/bin/ld: src.c:(.text+0x63): undefined reference to `pthread_join'
collect2: error: ld returned 1 exit status
make[1]: *** [CMakeFiles/cmTC_47007.dir/build.make:87: cmTC_47007] Error 1
make[1]: Leaving directory '/home/ap721/code/gbpstack/build/CMakeFiles/CMakeTmp'
make: *** [Makefile:121: cmTC_47007/fast] Error 2


Source file was:
#include <pthread.h>

void* test_func(void* data)
{
  return data;
}

int main(void)
{
  pthread_t thread;
  pthread_create(&thread, NULL, test_func, NULL);
  pthread_detach(thread);
  pthread_join(thread, NULL);
  pthread_atfork(NULL, NULL, NULL);
  pthread_exit(NULL);

  return 0;
}

Determining if the function pthread_create exists in the pthreads failed with the following output:
Change Dir: /home/ap721/code/gbpstack/build/CMakeFiles/CMakeTmp

Run Build Command(s):/usr/bin/make cmTC_c18f8/fast && /usr/bin/make -f CMakeFiles/cmTC_c18f8.dir/build.make CMakeFiles/cmTC_c18f8.dir/build
make[1]: Entering directory '/home/ap721/code/gbpstack/build/CMakeFiles/CMakeTmp'
Building C object CMakeFiles/cmTC_c18f8.dir/CheckFunctionExists.c.o
/usr/bin/cc   -fno-strict-aliasing -Werror=implicit-function-declaration -Werror=pointer-arith  -DCHECK_FUNCTION_EXISTS=pthread_create   -std=gnu99 -o CMakeFiles/cmTC_c18f8.dir/CheckFunctionExists.c.o   -c /usr/share/cmake-3.16/Modules/CheckFunctionExists.c
Linking C executable cmTC_c18f8
/usr/bin/cmake -E cmake_link_script CMakeFiles/cmTC_c18f8.dir/link.txt --verbose=1
/usr/bin/cc -fno-strict-aliasing -Werror=implicit-function-declaration -Werror=pointer-arith  -DCHECK_FUNCTION_EXISTS=pthread_create    CMakeFiles/cmTC_c18f8.dir/CheckFunctionExists.c.o  -o cmTC_c18f8  -lpthreads 
/usr/bin/ld: cannot find -lpthreads
collect2: error: ld returned 1 exit status
make[1]: *** [CMakeFiles/cmTC_c18f8.dir/build.make:87: cmTC_c18f8] Error 1
make[1]: Leaving directory '/home/ap721/code/gbpstack/build/CMakeFiles/CMakeTmp'
make: *** [Makefile:121: cmTC_c18f8/fast] Error 2



